2019-10-18 15:52:32,283 INFO notifyConnectTimeout:200

2019-10-18 15:52:32,285 INFO notifySocketTimeout:8000

2019-10-18 15:52:32,285 INFO isHealthCheck:true

2019-10-18 15:52:32,285 INFO maxHealthCheckFailCount:12

2019-10-18 15:52:32,285 INFO maxContent:10485760

2019-10-18 15:52:33,390 INFO Schema 'NACOS' already exists.

2019-10-18 15:52:33,469 INFO Table/View 'CONFIG_INFO' already exists in Schema 'NACOS'.

2019-10-18 15:52:33,548 INFO Table/View 'HIS_CONFIG_INFO' already exists in Schema 'NACOS'.

2019-10-18 15:52:33,581 INFO Table/View 'CONFIG_INFO_BETA' already exists in Schema 'NACOS'.

2019-10-18 15:52:33,592 INFO Table/View 'CONFIG_INFO_TAG' already exists in Schema 'NACOS'.

2019-10-18 15:52:33,603 INFO Table/View 'CONFIG_INFO_AGGR' already exists in Schema 'NACOS'.

2019-10-18 15:52:33,615 INFO Table/View 'APP_LIST' already exists in Schema 'NACOS'.

2019-10-18 15:52:33,624 INFO Table/View 'APP_CONFIGDATA_RELATION_SUBS' already exists in Schema 'NACOS'.

2019-10-18 15:52:33,633 INFO Table/View 'APP_CONFIGDATA_RELATION_PUBS' already exists in Schema 'NACOS'.

2019-10-18 15:52:33,642 INFO Table/View 'CONFIG_TAGS_RELATION' already exists in Schema 'NACOS'.

2019-10-18 15:52:33,662 INFO Table/View 'GROUP_CAPACITY' already exists in Schema 'NACOS'.

2019-10-18 15:52:33,675 INFO Table/View 'TENANT_CAPACITY' already exists in Schema 'NACOS'.

2019-10-18 15:52:33,686 INFO Table/View 'TENANT_INFO' already exists in Schema 'NACOS'.

2019-10-18 15:52:33,710 INFO Table/View 'USERS' already exists in Schema 'NACOS'.

2019-10-18 15:52:33,718 INFO Table/View 'ROLES' already exists in Schema 'NACOS'.

2019-10-18 15:52:33,846 INFO The statement was aborted because it would have caused a duplicate key value in a unique or primary key constraint or unique index identified by 'SQL191005181219460' defined on 'USERS'.

2019-10-18 15:52:34,788 INFO ServerListService address-server port:8848

2019-10-18 15:52:34,789 INFO ADDRESS_SERVER_URL:http://jmenv.tbsite.net:8080/nacos/serverlist

2019-10-18 15:52:34,791 WARN [serverlist] updated to [192.168.20.33]

2019-10-18 15:52:35,059 WARN DumpService start

2019-10-18 15:52:35,064 INFO start clear all config-info.

2019-10-18 15:52:35,076 WARN clear all config-info failed.

2019-10-18 15:52:35,076 WARN clear all config-info-tenant failed.

2019-10-18 15:52:35,406 INFO [all-dump] 19 / 19

2019-10-18 15:52:35,406 INFO start clear all config-info-beta.

2019-10-18 15:52:35,406 WARN clear all config-info-beta failed.

2019-10-18 15:52:35,406 WARN clear all config-info-beta-tenant failed.

2019-10-18 15:52:35,426 INFO start clear all config-info-tag.

2019-10-18 15:52:35,427 WARN clear all config-info-tag failed.

2019-10-18 15:52:35,427 WARN clear all config-info-tag-tenant failed.

