2019-10-18 15:52:24,918 INFO Starting Nacos v1.1.3 on ZB-2.local with PID 35826 (/Users/hedongzhou/Documents/my/common/server/nacos-server-1.1.3/target/nacos-server.jar started by hedongzhou in /Users/hedongzhou/Documents/my/common/server/nacos-server-1.1.3/bin)

2019-10-18 15:52:24,923 INFO The following profiles are active: standalone

2019-10-18 15:52:29,156 INFO Bean 'org.springframework.security.config.annotation.configuration.ObjectPostProcessorConfiguration' of type [org.springframework.security.config.annotation.configuration.ObjectPostProcessorConfiguration$$EnhancerBySpringCGLIB$$ceaf1da0] is not eligible for getting processed by all BeanPostProcessors (for example: not eligible for auto-proxying)

2019-10-18 15:52:29,361 INFO Bean 'objectPostProcessor' of type [org.springframework.security.config.annotation.configuration.AutowireBeanFactoryObjectPostProcessor] is not eligible for getting processed by all BeanPostProcessors (for example: not eligible for auto-proxying)

2019-10-18 15:52:29,366 INFO Bean 'org.springframework.security.access.expression.method.DefaultMethodSecurityExpressionHandler@2a265ea9' of type [org.springframework.security.access.expression.method.DefaultMethodSecurityExpressionHandler] is not eligible for getting processed by all BeanPostProcessors (for example: not eligible for auto-proxying)

2019-10-18 15:52:29,371 INFO Bean 'org.springframework.security.config.annotation.method.configuration.GlobalMethodSecurityConfiguration' of type [org.springframework.security.config.annotation.method.configuration.GlobalMethodSecurityConfiguration$$EnhancerBySpringCGLIB$$f383c052] is not eligible for getting processed by all BeanPostProcessors (for example: not eligible for auto-proxying)

2019-10-18 15:52:29,383 INFO Bean 'methodSecurityMetadataSource' of type [org.springframework.security.access.method.DelegatingMethodSecurityMetadataSource] is not eligible for getting processed by all BeanPostProcessors (for example: not eligible for auto-proxying)

2019-10-18 15:52:30,483 INFO Tomcat initialized with port(s): 8848 (http)

2019-10-18 15:52:30,538 INFO Starting service [Tomcat]

2019-10-18 15:52:30,538 INFO Starting Servlet Engine: Apache Tomcat/9.0.13

2019-10-18 15:52:30,566 INFO The APR based Apache Tomcat Native library which allows optimal performance in production environments was not found on the java.library.path: [/Users/hedongzhou/Library/Java/Extensions:/Library/Java/Extensions:/Network/Library/Java/Extensions:/System/Library/Java/Extensions:/usr/lib/java:.]

2019-10-18 15:52:30,766 INFO Initializing Spring embedded WebApplicationContext

2019-10-18 15:52:30,767 INFO Root WebApplicationContext: initialization completed in 5680 ms

2019-10-18 15:52:35,469 INFO Use Mysql as the driver

2019-10-18 15:52:37,114 INFO Initializing ExecutorService 'applicationTaskExecutor'

2019-10-18 15:52:37,895 INFO Adding welcome page: class path resource [static/index.html]

2019-10-18 15:52:39,005 INFO Creating filter chain: Ant [pattern='/'], []

2019-10-18 15:52:39,013 INFO Creating filter chain: Ant [pattern='/**/*.css'], []

2019-10-18 15:52:39,014 INFO Creating filter chain: Ant [pattern='/**/*.js'], []

2019-10-18 15:52:39,016 INFO Creating filter chain: Ant [pattern='/**/*.html'], []

2019-10-18 15:52:39,016 INFO Creating filter chain: Ant [pattern='/**/*.map'], []

2019-10-18 15:52:39,025 INFO Creating filter chain: Ant [pattern='/**/*.svg'], []

2019-10-18 15:52:39,064 INFO Creating filter chain: Ant [pattern='/**/*.png'], []

2019-10-18 15:52:39,064 INFO Creating filter chain: Ant [pattern='/**/*.ico'], []

2019-10-18 15:52:39,064 INFO Creating filter chain: Ant [pattern='/console-fe/public/**'], []

2019-10-18 15:52:39,065 INFO Creating filter chain: Ant [pattern='/v1/auth/login'], []

2019-10-18 15:52:39,065 INFO Creating filter chain: Ant [pattern='/v1/console/health/**'], []

2019-10-18 15:52:39,065 INFO Creating filter chain: Ant [pattern='/v1/cs/**'], []

2019-10-18 15:52:39,065 INFO Creating filter chain: Ant [pattern='/v1/ns/**'], []

2019-10-18 15:52:39,065 INFO Creating filter chain: Ant [pattern='/v1/cmdb/**'], []

2019-10-18 15:52:39,065 INFO Creating filter chain: Ant [pattern='/actuator/**'], []

2019-10-18 15:52:39,073 INFO Creating filter chain: Ant [pattern='/v1/console/server/**'], []

2019-10-18 15:52:39,222 INFO Creating filter chain: any request, [org.springframework.security.web.context.request.async.WebAsyncManagerIntegrationFilter@793138bd, org.springframework.security.web.context.SecurityContextPersistenceFilter@73dce0e6, org.springframework.security.web.header.HeaderWriterFilter@7fe7c640, org.springframework.security.web.authentication.logout.LogoutFilter@47c4ecdc, com.alibaba.nacos.console.filter.JwtAuthenticationTokenFilter@1951b871, org.springframework.security.web.savedrequest.RequestCacheAwareFilter@32811494, org.springframework.security.web.servletapi.SecurityContextHolderAwareRequestFilter@14d14731, org.springframework.security.web.authentication.AnonymousAuthenticationFilter@5c18016b, org.springframework.security.web.session.SessionManagementFilter@7ce97ee5, org.springframework.security.web.access.ExceptionTranslationFilter@19553973, org.springframework.security.web.access.intercept.FilterSecurityInterceptor@25bc0606]

2019-10-18 15:52:39,384 INFO Exposing 2 endpoint(s) beneath base path '/actuator'

2019-10-18 15:52:39,495 INFO Initializing ExecutorService 'taskScheduler'

2019-10-18 15:52:39,767 INFO Tomcat started on port(s): 8848 (http) with context path '/nacos'

2019-10-18 15:52:39,773 INFO Started Nacos in 17.46 seconds (JVM running for 19.448)

2019-10-18 15:52:39,773 INFO Nacos Log files: /Users/hedongzhou/my/common/server/nacos-server-1.1.3/logs/

2019-10-18 15:52:39,773 INFO Nacos Conf files: /Users/hedongzhou/my/common/server/nacos-server-1.1.3/conf/

2019-10-18 15:52:39,773 INFO Nacos Data files: /Users/hedongzhou/my/common/server/nacos-server-1.1.3/data/

2019-10-18 15:52:39,773 INFO Nacos started successfully in stand alone mode.

2019-10-18 15:52:40,119 INFO Initializing Spring DispatcherServlet 'dispatcherServlet'

2019-10-18 15:52:40,122 INFO Initializing Servlet 'dispatcherServlet'

2019-10-18 15:52:40,162 INFO Completed initialization in 40 ms

2019-10-18 16:02:34,891 INFO [capacityManagement] start correct usage

2019-10-18 16:02:35,080 INFO [capacityManagement] end correct usage, cost: 0s

2019-10-18 16:02:35,477 WARN clearConfigHistory start

2019-10-18 16:12:35,104 INFO [capacityManagement] start correct usage

2019-10-18 16:12:35,112 INFO [capacityManagement] end correct usage, cost: 0s

2019-10-18 16:12:35,538 WARN clearConfigHistory start

2019-10-18 16:22:35,130 INFO [capacityManagement] start correct usage

2019-10-18 16:22:35,132 INFO [capacityManagement] end correct usage, cost: 0s

2019-10-18 16:22:35,562 WARN clearConfigHistory start

2019-10-18 16:32:35,155 INFO [capacityManagement] start correct usage

2019-10-18 16:32:35,160 INFO [capacityManagement] end correct usage, cost: 0s

2019-10-18 16:32:35,583 WARN clearConfigHistory start

2019-10-18 16:42:35,188 INFO [capacityManagement] start correct usage

2019-10-18 16:42:35,192 INFO [capacityManagement] end correct usage, cost: 0s

2019-10-18 16:42:35,609 WARN clearConfigHistory start

2019-10-18 16:52:35,215 INFO [capacityManagement] start correct usage

2019-10-18 16:52:35,221 INFO [capacityManagement] end correct usage, cost: 0s

2019-10-18 16:52:35,634 WARN clearConfigHistory start

2019-10-18 17:02:35,244 INFO [capacityManagement] start correct usage

2019-10-18 17:02:35,249 INFO [capacityManagement] end correct usage, cost: 0s

2019-10-18 17:02:35,661 WARN clearConfigHistory start

2019-10-18 17:12:35,278 INFO [capacityManagement] start correct usage

2019-10-18 17:12:35,281 INFO [capacityManagement] end correct usage, cost: 0s

2019-10-18 17:12:35,687 WARN clearConfigHistory start

2019-10-18 17:22:35,300 INFO [capacityManagement] start correct usage

2019-10-18 17:22:35,303 INFO [capacityManagement] end correct usage, cost: 0s

2019-10-18 17:22:35,711 WARN clearConfigHistory start

2019-10-18 17:32:35,321 INFO [capacityManagement] start correct usage

2019-10-18 17:32:35,329 INFO [capacityManagement] end correct usage, cost: 0s

2019-10-18 17:32:35,736 WARN clearConfigHistory start

2019-10-18 17:42:35,351 INFO [capacityManagement] start correct usage

2019-10-18 17:42:35,353 INFO [capacityManagement] end correct usage, cost: 0s

2019-10-18 17:42:35,762 WARN clearConfigHistory start

2019-10-18 17:52:35,372 INFO [capacityManagement] start correct usage

2019-10-18 17:52:35,375 INFO [capacityManagement] end correct usage, cost: 0s

2019-10-18 17:52:35,782 WARN clearConfigHistory start

2019-10-18 18:02:35,398 INFO [capacityManagement] start correct usage

2019-10-18 18:02:35,402 INFO [capacityManagement] end correct usage, cost: 0s

2019-10-18 18:02:35,811 WARN clearConfigHistory start

2019-10-18 18:32:23,470 INFO [capacityManagement] start correct usage

2019-10-18 18:32:23,479 INFO [capacityManagement] end correct usage, cost: 0s

2019-10-18 18:32:23,883 WARN clearConfigHistory start

2019-10-18 18:42:23,504 INFO [capacityManagement] start correct usage

2019-10-18 18:42:23,508 INFO [capacityManagement] end correct usage, cost: 0s

2019-10-18 18:42:23,908 WARN clearConfigHistory start

2019-10-18 19:28:08,791 INFO [capacityManagement] start correct usage

2019-10-18 19:28:08,818 INFO [capacityManagement] end correct usage, cost: 0s

2019-10-18 19:28:09,191 WARN clearConfigHistory start

2019-10-18 19:38:08,840 INFO [capacityManagement] start correct usage

2019-10-18 19:38:08,852 INFO [capacityManagement] end correct usage, cost: 0s

2019-10-18 19:38:09,222 WARN clearConfigHistory start

2019-10-18 19:48:08,875 INFO [capacityManagement] start correct usage

2019-10-18 19:48:08,880 INFO [capacityManagement] end correct usage, cost: 0s

2019-10-18 19:48:09,251 WARN clearConfigHistory start

2019-10-18 19:58:08,912 INFO [capacityManagement] start correct usage

2019-10-18 19:58:08,923 INFO [capacityManagement] end correct usage, cost: 0s

2019-10-18 19:58:09,276 WARN clearConfigHistory start

2019-10-18 20:08:08,943 INFO [capacityManagement] start correct usage

2019-10-18 20:08:08,947 INFO [capacityManagement] end correct usage, cost: 0s

2019-10-18 20:08:09,304 WARN clearConfigHistory start

2019-10-18 20:18:08,969 INFO [capacityManagement] start correct usage

2019-10-18 20:18:09,000 INFO [capacityManagement] end correct usage, cost: 0s

2019-10-18 20:18:09,326 WARN clearConfigHistory start

2019-10-18 20:28:09,024 INFO [capacityManagement] start correct usage

2019-10-18 20:28:09,034 INFO [capacityManagement] end correct usage, cost: 0s

2019-10-18 20:28:09,360 WARN clearConfigHistory start

2019-10-18 20:38:09,052 INFO [capacityManagement] start correct usage

2019-10-18 20:38:09,059 INFO [capacityManagement] end correct usage, cost: 0s

2019-10-18 20:38:09,386 WARN clearConfigHistory start

2019-10-18 20:48:09,080 INFO [capacityManagement] start correct usage

2019-10-18 20:48:09,089 INFO [capacityManagement] end correct usage, cost: 0s

2019-10-18 20:48:09,416 WARN clearConfigHistory start

2019-10-18 20:58:09,115 INFO [capacityManagement] start correct usage

2019-10-18 20:58:09,130 INFO [capacityManagement] end correct usage, cost: 0s

2019-10-18 20:58:09,445 WARN clearConfigHistory start

2019-10-18 21:08:09,149 INFO [capacityManagement] start correct usage

2019-10-18 21:08:09,160 INFO [capacityManagement] end correct usage, cost: 0s

2019-10-18 21:08:09,475 WARN clearConfigHistory start

2019-10-18 21:18:09,181 INFO [capacityManagement] start correct usage

2019-10-18 21:18:09,188 INFO [capacityManagement] end correct usage, cost: 0s

2019-10-18 21:18:09,504 WARN clearConfigHistory start

2019-10-18 21:28:09,208 INFO [capacityManagement] start correct usage

2019-10-18 21:28:09,221 INFO [capacityManagement] end correct usage, cost: 0s

2019-10-18 21:28:09,548 WARN clearConfigHistory start

2019-10-18 21:38:09,248 INFO [capacityManagement] start correct usage

2019-10-18 21:38:09,250 INFO [capacityManagement] end correct usage, cost: 0s

2019-10-18 21:38:09,591 WARN clearConfigHistory start

2019-10-18 21:48:09,269 INFO [capacityManagement] start correct usage

2019-10-18 21:48:09,270 INFO [capacityManagement] end correct usage, cost: 0s

2019-10-18 21:48:09,611 WARN clearConfigHistory start

2019-10-18 21:58:09,290 INFO [capacityManagement] start correct usage

2019-10-18 21:58:09,295 INFO [capacityManagement] end correct usage, cost: 0s

2019-10-18 21:58:09,635 WARN clearConfigHistory start

2019-10-18 22:08:01,423 INFO Shutting down ExecutorService 'taskScheduler'

2019-10-18 22:08:01,451 INFO Shutting down ExecutorService 'applicationTaskExecutor'

