2019-10-18 15:53:05,483 INFO PERFORMANCE:|0|0|-1|-1

2019-10-18 15:58:05,500 INFO PERFORMANCE:|1|0|-1|-1

2019-10-18 16:03:05,510 INFO PERFORMANCE:|1|0|-1|-1

2019-10-18 16:08:05,526 INFO PERFORMANCE:|1|0|-1|-1

2019-10-18 16:13:05,537 INFO PERFORMANCE:|1|0|-1|-1

2019-10-18 16:18:05,549 INFO PERFORMANCE:|1|0|-1|-1

2019-10-18 16:23:05,558 INFO PERFORMANCE:|1|0|-1|-1

2019-10-18 16:28:05,572 INFO PERFORMANCE:|1|0|-1|-1

2019-10-18 16:33:05,585 INFO PERFORMANCE:|1|0|-1|-1

2019-10-18 16:38:05,598 INFO PERFORMANCE:|1|0|-1|-1

2019-10-18 16:43:05,614 INFO PERFORMANCE:|1|0|-1|-1

2019-10-18 16:48:05,627 INFO PERFORMANCE:|1|0|-1|-1

2019-10-18 16:53:05,640 INFO PERFORMANCE:|1|0|-1|-1

2019-10-18 16:58:05,658 INFO PERFORMANCE:|1|0|-1|-1

2019-10-18 17:03:05,673 INFO PERFORMANCE:|1|0|-1|-1

2019-10-18 17:08:05,690 INFO PERFORMANCE:|1|0|-1|-1

2019-10-18 17:13:05,708 INFO PERFORMANCE:|1|0|-1|-1

2019-10-18 17:18:05,720 INFO PERFORMANCE:|1|0|-1|-1

2019-10-18 17:23:05,734 INFO PERFORMANCE:|1|0|-1|-1

2019-10-18 17:28:05,744 INFO PERFORMANCE:|1|0|-1|-1

2019-10-18 17:33:05,755 INFO PERFORMANCE:|1|0|-1|-1

2019-10-18 17:38:05,766 INFO PERFORMANCE:|1|0|-1|-1

2019-10-18 17:43:05,782 INFO PERFORMANCE:|1|0|-1|-1

2019-10-18 17:48:05,793 INFO PERFORMANCE:|1|0|-1|-1

2019-10-18 17:53:05,804 INFO PERFORMANCE:|1|0|-1|-1

2019-10-18 17:58:05,815 INFO PERFORMANCE:|1|0|-1|-1

2019-10-18 18:03:05,836 INFO PERFORMANCE:|1|0|-1|-1

2019-10-18 18:27:53,902 INFO PERFORMANCE:|1|0|-1|-1

2019-10-18 18:32:53,921 INFO PERFORMANCE:|1|0|-1|-1

2019-10-18 18:37:53,932 INFO PERFORMANCE:|1|0|-1|-1

2019-10-18 18:42:53,946 INFO PERFORMANCE:|1|0|-1|-1

2019-10-18 19:23:39,227 INFO PERFORMANCE:|1|0|-1|-1

2019-10-18 19:28:39,241 INFO PERFORMANCE:|1|0|-1|-1

2019-10-18 19:33:39,255 INFO PERFORMANCE:|1|0|-1|-1

2019-10-18 19:38:39,271 INFO PERFORMANCE:|1|0|-1|-1

2019-10-18 19:43:39,288 INFO PERFORMANCE:|1|0|-1|-1

2019-10-18 19:48:39,300 INFO PERFORMANCE:|1|0|-1|-1

2019-10-18 19:53:39,311 INFO PERFORMANCE:|1|0|-1|-1

2019-10-18 19:58:39,321 INFO PERFORMANCE:|1|0|-1|-1

2019-10-18 20:03:39,334 INFO PERFORMANCE:|1|0|-1|-1

2019-10-18 20:08:39,348 INFO PERFORMANCE:|1|0|-1|-1

2019-10-18 20:13:39,364 INFO PERFORMANCE:|1|0|-1|-1

2019-10-18 20:18:39,380 INFO PERFORMANCE:|1|0|-1|-1

2019-10-18 20:23:39,395 INFO PERFORMANCE:|1|0|-1|-1

2019-10-18 20:28:39,406 INFO PERFORMANCE:|1|0|-1|-1

2019-10-18 20:33:39,420 INFO PERFORMANCE:|1|0|-1|-1

2019-10-18 20:38:39,433 INFO PERFORMANCE:|1|0|-1|-1

2019-10-18 20:43:39,447 INFO PERFORMANCE:|1|0|-1|-1

2019-10-18 20:48:39,462 INFO PERFORMANCE:|1|0|-1|-1

2019-10-18 20:53:39,474 INFO PERFORMANCE:|1|0|-1|-1

2019-10-18 20:58:39,488 INFO PERFORMANCE:|1|0|-1|-1

2019-10-18 21:03:39,498 INFO PERFORMANCE:|1|0|-1|-1

2019-10-18 21:08:39,510 INFO PERFORMANCE:|1|0|-1|-1

2019-10-18 21:13:39,526 INFO PERFORMANCE:|1|0|-1|-1

2019-10-18 21:18:39,537 INFO PERFORMANCE:|1|0|-1|-1

2019-10-18 21:23:39,549 INFO PERFORMANCE:|1|0|-1|-1

2019-10-18 21:28:39,559 INFO PERFORMANCE:|1|0|-1|-1

2019-10-18 21:33:39,573 INFO PERFORMANCE:|1|0|-1|-1

2019-10-18 21:38:39,583 INFO PERFORMANCE:|1|0|-1|-1

2019-10-18 21:43:39,593 INFO PERFORMANCE:|1|0|-1|-1

2019-10-18 21:48:39,606 INFO PERFORMANCE:|1|0|-1|-1

2019-10-18 21:53:39,618 INFO PERFORMANCE:|1|0|-1|-1

2019-10-18 21:58:39,628 INFO PERFORMANCE:|1|0|-1|-1

2019-10-18 22:03:39,639 INFO PERFORMANCE:|1|0|-1|-1

