/Library/Java/JavaVirtualMachines/jdk1.8.0_221.jdk/Contents/Home/bin/java  -Xms512m -Xmx512m -Xmn256m -Dnacos.standalone=true -Djava.ext.dirs=/Library/Java/JavaVirtualMachines/jdk1.8.0_221.jdk/Contents/Home/jre/lib/ext:/Library/Java/JavaVirtualMachines/jdk1.8.0_221.jdk/Contents/Home/lib/ext:/Users/hedongzhou/my/common/server/nacos-server-1.1.3/plugins/cmdb:/Users/hedongzhou/my/common/server/nacos-server-1.1.3/plugins/mysql -Xloggc:/Users/hedongzhou/my/common/server/nacos-server-1.1.3/logs/nacos_gc.log -verbose:gc -XX:+PrintGCDetails -XX:+PrintGCDateStamps -XX:+PrintGCTimeStamps -XX:+UseGCLogFileRotation -XX:NumberOfGCLogFiles=10 -XX:GCLogFileSize=100M -Dnacos.home=/Users/hedongzhou/my/common/server/nacos-server-1.1.3 -Dloader.path=/Users/hedongzhou/my/common/server/nacos-server-1.1.3/plugins/health -jar /Users/hedongzhou/my/common/server/nacos-server-1.1.3/target/nacos-server.jar  --spring.config.location=classpath:/,classpath:/config/,file:./,file:./config/,file:/Users/hedongzhou/my/common/server/nacos-server-1.1.3/conf/ --logging.config=/Users/hedongzhou/my/common/server/nacos-server-1.1.3/conf/nacos-logback.xml --server.max-http-header-size=524288

         ,--.
       ,--.'|
   ,--,:  : |                                           Nacos 1.1.3
,`--.'`|  ' :                       ,---.               Running in stand alone mode, All function modules
|   :  :  | |                      '   ,'\   .--.--.    Port: 8848
:   |   \ | :  ,--.--.     ,---.  /   /   | /  /    '   Pid: 35826
|   : '  '; | /       \   /     \.   ; ,. :|  :  /`./   Console: http://192.168.20.33:8848/nacos/index.html
'   ' ;.    ;.--.  .-. | /    / ''   | |: :|  :  ;_
|   | | \   | \__\/: . ..    ' / '   | .; : \  \    `.      https://nacos.io
'   : |  ; .' ," .--.; |'   ; :__|   :    |  `----.   \
|   | '`--'  /  /  ,.  |'   | '.'|\   \  /  /  /`--'  /
'   : |     ;  :   .'   \   :    : `----'  '--'.     /
;   |.'     |  ,     .-./\   \  /            `--'---'
'---'        `--`---'     `----'

2019-10-18 15:52:29,156 INFO Bean 'org.springframework.security.config.annotation.configuration.ObjectPostProcessorConfiguration' of type [org.springframework.security.config.annotation.configuration.ObjectPostProcessorConfiguration$$EnhancerBySpringCGLIB$$ceaf1da0] is not eligible for getting processed by all BeanPostProcessors (for example: not eligible for auto-proxying)

2019-10-18 15:52:29,361 INFO Bean 'objectPostProcessor' of type [org.springframework.security.config.annotation.configuration.AutowireBeanFactoryObjectPostProcessor] is not eligible for getting processed by all BeanPostProcessors (for example: not eligible for auto-proxying)

2019-10-18 15:52:29,366 INFO Bean 'org.springframework.security.access.expression.method.DefaultMethodSecurityExpressionHandler@2a265ea9' of type [org.springframework.security.access.expression.method.DefaultMethodSecurityExpressionHandler] is not eligible for getting processed by all BeanPostProcessors (for example: not eligible for auto-proxying)

2019-10-18 15:52:29,371 INFO Bean 'org.springframework.security.config.annotation.method.configuration.GlobalMethodSecurityConfiguration' of type [org.springframework.security.config.annotation.method.configuration.GlobalMethodSecurityConfiguration$$EnhancerBySpringCGLIB$$f383c052] is not eligible for getting processed by all BeanPostProcessors (for example: not eligible for auto-proxying)

2019-10-18 15:52:29,383 INFO Bean 'methodSecurityMetadataSource' of type [org.springframework.security.access.method.DelegatingMethodSecurityMetadataSource] is not eligible for getting processed by all BeanPostProcessors (for example: not eligible for auto-proxying)

2019-10-18 15:52:30,483 INFO Tomcat initialized with port(s): 8848 (http)

2019-10-18 15:52:30,767 INFO Root WebApplicationContext: initialization completed in 5680 ms

2019-10-18 15:52:37,114 INFO Initializing ExecutorService 'applicationTaskExecutor'

2019-10-18 15:52:37,895 INFO Adding welcome page: class path resource [static/index.html]

2019-10-18 15:52:39,005 INFO Creating filter chain: Ant [pattern='/'], []

2019-10-18 15:52:39,013 INFO Creating filter chain: Ant [pattern='/**/*.css'], []

2019-10-18 15:52:39,014 INFO Creating filter chain: Ant [pattern='/**/*.js'], []

2019-10-18 15:52:39,016 INFO Creating filter chain: Ant [pattern='/**/*.html'], []

2019-10-18 15:52:39,016 INFO Creating filter chain: Ant [pattern='/**/*.map'], []

2019-10-18 15:52:39,025 INFO Creating filter chain: Ant [pattern='/**/*.svg'], []

2019-10-18 15:52:39,064 INFO Creating filter chain: Ant [pattern='/**/*.png'], []

2019-10-18 15:52:39,064 INFO Creating filter chain: Ant [pattern='/**/*.ico'], []

2019-10-18 15:52:39,064 INFO Creating filter chain: Ant [pattern='/console-fe/public/**'], []

2019-10-18 15:52:39,065 INFO Creating filter chain: Ant [pattern='/v1/auth/login'], []

2019-10-18 15:52:39,065 INFO Creating filter chain: Ant [pattern='/v1/console/health/**'], []

2019-10-18 15:52:39,065 INFO Creating filter chain: Ant [pattern='/v1/cs/**'], []

2019-10-18 15:52:39,065 INFO Creating filter chain: Ant [pattern='/v1/ns/**'], []

2019-10-18 15:52:39,065 INFO Creating filter chain: Ant [pattern='/v1/cmdb/**'], []

2019-10-18 15:52:39,065 INFO Creating filter chain: Ant [pattern='/actuator/**'], []

2019-10-18 15:52:39,073 INFO Creating filter chain: Ant [pattern='/v1/console/server/**'], []

2019-10-18 15:52:39,222 INFO Creating filter chain: any request, [org.springframework.security.web.context.request.async.WebAsyncManagerIntegrationFilter@793138bd, org.springframework.security.web.context.SecurityContextPersistenceFilter@73dce0e6, org.springframework.security.web.header.HeaderWriterFilter@7fe7c640, org.springframework.security.web.authentication.logout.LogoutFilter@47c4ecdc, com.alibaba.nacos.console.filter.JwtAuthenticationTokenFilter@1951b871, org.springframework.security.web.savedrequest.RequestCacheAwareFilter@32811494, org.springframework.security.web.servletapi.SecurityContextHolderAwareRequestFilter@14d14731, org.springframework.security.web.authentication.AnonymousAuthenticationFilter@5c18016b, org.springframework.security.web.session.SessionManagementFilter@7ce97ee5, org.springframework.security.web.access.ExceptionTranslationFilter@19553973, org.springframework.security.web.access.intercept.FilterSecurityInterceptor@25bc0606]

2019-10-18 15:52:39,384 INFO Exposing 2 endpoint(s) beneath base path '/actuator'

2019-10-18 15:52:39,495 INFO Initializing ExecutorService 'taskScheduler'

2019-10-18 15:52:39,767 INFO Tomcat started on port(s): 8848 (http) with context path '/nacos'

2019-10-18 15:52:39,773 INFO Nacos Log files: /Users/hedongzhou/my/common/server/nacos-server-1.1.3/logs/

2019-10-18 15:52:39,773 INFO Nacos Conf files: /Users/hedongzhou/my/common/server/nacos-server-1.1.3/conf/

2019-10-18 15:52:39,773 INFO Nacos Data files: /Users/hedongzhou/my/common/server/nacos-server-1.1.3/data/

2019-10-18 15:52:39,773 INFO Nacos started successfully in stand alone mode.

2019-10-18 15:52:40,122 INFO Initializing Servlet 'dispatcherServlet'

2019-10-18 15:52:40,162 INFO Completed initialization in 40 ms

2019-10-18 22:08:01,423 INFO Shutting down ExecutorService 'taskScheduler'

2019-10-18 22:08:01,451 INFO Shutting down ExecutorService 'applicationTaskExecutor'

